c:\users\liangjiaxu\documents\c++课设\单词消除游戏\单词消除游戏\单词消除游戏_多文件_命令行版本1.0\word_elemination_game\debug\vc141.pdb
c:\users\liangjiaxu\documents\c++课设\单词消除游戏\单词消除游戏\单词消除游戏_多文件_命令行版本1.0\word_elemination_game\debug\vc141.idb
c:\users\liangjiaxu\documents\c++课设\单词消除游戏\单词消除游戏\单词消除游戏_多文件_命令行版本1.0\word_elemination_game\debug\testbuilder.nativecodeanalysis.xml
c:\users\liangjiaxu\documents\c++课设\单词消除游戏\单词消除游戏\单词消除游戏_多文件_命令行版本1.0\word_elemination_game\debug\split.nativecodeanalysis.xml
c:\users\liangjiaxu\documents\c++课设\单词消除游戏\单词消除游戏\单词消除游戏_多文件_命令行版本1.0\word_elemination_game\debug\player.nativecodeanalysis.xml
c:\users\liangjiaxu\documents\c++课设\单词消除游戏\单词消除游戏\单词消除游戏_多文件_命令行版本1.0\word_elemination_game\debug\main.nativecodeanalysis.xml
c:\users\liangjiaxu\documents\c++课设\单词消除游戏\单词消除游戏\单词消除游戏_多文件_命令行版本1.0\word_elemination_game\debug\game.nativecodeanalysis.xml
c:\users\liangjiaxu\documents\c++课设\单词消除游戏\单词消除游戏\单词消除游戏_多文件_命令行版本1.0\word_elemination_game\debug\game.obj
c:\users\liangjiaxu\documents\c++课设\单词消除游戏\单词消除游戏\单词消除游戏_多文件_命令行版本1.0\word_elemination_game\debug\main.obj
c:\users\liangjiaxu\documents\c++课设\单词消除游戏\单词消除游戏\单词消除游戏_多文件_命令行版本1.0\word_elemination_game\debug\player.obj
c:\users\liangjiaxu\documents\c++课设\单词消除游戏\单词消除游戏\单词消除游戏_多文件_命令行版本1.0\word_elemination_game\debug\split.obj
c:\users\liangjiaxu\documents\c++课设\单词消除游戏\单词消除游戏\单词消除游戏_多文件_命令行版本1.0\word_elemination_game\debug\testbuilder.obj
c:\users\liangjiaxu\documents\c++课设\单词消除游戏\单词消除游戏\单词消除游戏_多文件_命令行版本1.0\word_elemination_game\debug\word_elemination_game.ilk
c:\users\liangjiaxu\documents\c++课设\单词消除游戏\单词消除游戏\单词消除游戏_多文件_命令行版本1.0\word_elemination_game\debug\word_elemination_game.exe
c:\users\liangjiaxu\documents\c++课设\单词消除游戏\单词消除游戏\单词消除游戏_多文件_命令行版本1.0\word_elemination_game\debug\word_elemination_game.pdb
c:\users\liangjiaxu\documents\c++课设\单词消除游戏\单词消除游戏\单词消除游戏_多文件_命令行版本1.0\word_elemination_game\debug\nativecodeanalysis.read.1.tlog
c:\users\liangjiaxu\documents\c++课设\单词消除游戏\单词消除游戏\单词消除游戏_多文件_命令行版本1.0\word_elemination_game\debug\vc.nativecodeanalysis.all.xml
c:\users\liangjiaxu\documents\c++课设\单词消除游戏\单词消除游戏\单词消除游戏_多文件_命令行版本1.0\word_elemination_game\debug\word_elemination_game.exe.lastcodeanalysissucceeded
c:\users\liangjiaxu\documents\c++课设\单词消除游戏\单词消除游戏\单词消除游戏_多文件_命令行版本1.0\word_elemination_game\debug\word_ele.6bfbcc0b.tlog\cl.command.1.tlog
c:\users\liangjiaxu\documents\c++课设\单词消除游戏\单词消除游戏\单词消除游戏_多文件_命令行版本1.0\word_elemination_game\debug\word_ele.6bfbcc0b.tlog\cl.read.1.tlog
c:\users\liangjiaxu\documents\c++课设\单词消除游戏\单词消除游戏\单词消除游戏_多文件_命令行版本1.0\word_elemination_game\debug\word_ele.6bfbcc0b.tlog\cl.write.1.tlog
c:\users\liangjiaxu\documents\c++课设\单词消除游戏\单词消除游戏\单词消除游戏_多文件_命令行版本1.0\word_elemination_game\debug\word_ele.6bfbcc0b.tlog\link.command.1.tlog
c:\users\liangjiaxu\documents\c++课设\单词消除游戏\单词消除游戏\单词消除游戏_多文件_命令行版本1.0\word_elemination_game\debug\word_ele.6bfbcc0b.tlog\link.read.1.tlog
c:\users\liangjiaxu\documents\c++课设\单词消除游戏\单词消除游戏\单词消除游戏_多文件_命令行版本1.0\word_elemination_game\debug\word_ele.6bfbcc0b.tlog\link.write.1.tlog
